   0.001 2022-07-21 21:39:12; Factorio 1.1.61 (build 59839, win64, steam)
   0.001 Operating system: Windows 10 (build 19044) 
   0.002 Program arguments: "C:\Program Files (x86)\Steam\steamapps\common\Factorio\bin\x64\Factorio.exe" 
   0.002 Read data path: C:/Program Files (x86)/Steam/steamapps/common/Factorio/data
   0.002 Write data path: C:/Users/cucum/AppData/Roaming/Factorio [12391/199385MB]
   0.002 Binaries path: C:/Program Files (x86)/Steam/steamapps/common/Factorio/bin
   0.041 System info: [CPU: Intel(R) Core(TM) i3-1005G1 CPU @ 1.20GHz, 4 cores, RAM: 4035/7879 MB, page: 4875/18565 MB, virtual: 4328/134217727 MB, extended virtual: 0 MB]
   0.041 Display options: [FullScreen: 1] [VSync: 1] [UIScale: automatic (100.0%)] [Native DPI: 1] [Screen: 255] [Special: lmw] [Lang: ru]
   0.056 Available displays: 2
   0.056  [1]: \\.\DISPLAY2 - Intel(R) UHD Graphics {0x05, [0,0], 1920x1080, 32bit, 120Hz}
   0.057  [0]: \\.\DISPLAY1 - Intel(R) UHD Graphics {0x01, [-1366,312], 1366x768, 32bit, 60Hz}
   0.143 [Direct3D11] Display: 0, Output: 0, DisplayAdapter: 0, RenderingAdapter: 0; d3dcompiler_47.dll
   0.207 Initialised Direct3D[0]: Intel(R) UHD Graphics; id: 8086-8a56; driver: igdumdim64.dll 30.0.100.9805
   0.207   D3D Feature Level: 11.1, DXGI 1.5+, SwapChain: 3,flip-discard,-,-,-,none
   0.208   [Local Video Memory] Budget: 3545MB, CurrentUsage: 0MB, Reservation: 0/1871MB
   0.208   [Non-Local Vid.Mem.] Budget: 0MB, CurrentUsage: 0MB, Reservation: 0/0MB
   0.208   Tiled resources: Tier 2
   0.208   Unified Memory Architecture: Yes
   0.208   BGR 565 Supported: Yes
   0.208   MaximumFrameLatency: 3, GPUThreadPriority: 0
   0.208 Graphics settings preset: integrated-gpuhigh
   0.208   Dedicated video memory size 128 MB
   0.287 Desktop composition is active.
   0.287 Graphics options: [Graphics quality: high] [Video memory usage: all] [DXT: low-quality] [Color: 32bit]
   0.287                   [Max threads (load/render): 32/4] [Max texture size: 8192] [Tex.Stream.: 0] [Rotation quality: low] [Other: sTDCwt] [B:0,C:0,S:100]
   0.372 DSound: Starting _dsound_update thread
   0.373 [Audio] Backend:default; Depth:16, Channel:2, Frequency:44100; MixerQuality:linear
   0.373 DSound: Enter _dsound_update; tid=11404
   0.534 Loading mod core 0.0.0 (data.lua)
   0.604 Loading mod base 1.1.61 (data.lua)
   0.910 Loading mod base 1.1.61 (data-updates.lua)
   1.050 Checksum for core: 1720724266
   1.050 Checksum of base: 2195340303
   1.379 Prototype list checksum: 3034860339
   1.439 Loading sounds...
   2.367 Info PlayerData.cpp:73: Local player-data.json unavailable
   2.367 Info PlayerData.cpp:76: Cloud player-data.json available, timestamp 1658081155
   2.528 Initial atlas bitmap size is 8192
   2.546 Created atlas bitmap 8192x8188 [none]
   2.558 Created atlas bitmap 8192x8164 [none]
   2.566 Created atlas bitmap 8192x8168 [none]
   2.578 Created atlas bitmap 8192x8184 [none]
   2.593 Created atlas bitmap 8192x8176 [none]
   2.606 Created atlas bitmap 8192x8192 [none]
   2.607 Created atlas bitmap 8192x5640 [none]
   2.607 Created atlas bitmap 8192x4188 [decal]
   2.612 Created atlas bitmap 8192x8192 [low-object, linear-minification]
   2.613 Created atlas bitmap 8192x2848 [low-object]
   2.613 Created atlas bitmap 8192x4224 [mipmap, linear-minification, linear-magnification, linear-mip-level]
   2.615 Created atlas bitmap 8192x8128 [terrain, mipmap, linear-minification, linear-mip-level]
   2.615 Created atlas bitmap 8192x4448 [terrain, mipmap, linear-minification, linear-mip-level]
   2.615 Created atlas bitmap 4096x3216 [terrain-effect-map, mipmap, linear-minification, linear-mip-level]
   2.615 Created atlas bitmap 4096x1856 [smoke, mipmap, linear-minification, linear-magnification]
   2.616 Created atlas bitmap 4096x3088 [mipmap]
   2.616 Created atlas bitmap 8192x2240 [icon, not-compressed, mipmap, linear-minification, linear-magnification, linear-mip-level]
   2.616 Created atlas bitmap 8192x1496 [alpha-mask]
   2.619 Created atlas bitmap 8192x7980 [shadow, linear-magnification, alpha-mask]
   2.619 Created atlas bitmap 4096x1312 [shadow, mipmap, linear-magnification, alpha-mask]
   2.619 Created atlas bitmap 2048x240 [icon-background, not-compressed, mipmap, linear-minification, linear-magnification, linear-mip-level, ]
   2.627 Texture processor created (2048). GPU accelerated compression Supported: yes, Enabled: yes/yes. Test passed. YCoCgDXT PSNR: 35.83, BC3 PSNR: 33.82
   8.044 Parallel Sprite Loader initialized (threads: 3)
  20.685 Sprites loaded
  20.751 Generated mipmaps (4) for atlas [8] of size 8192x8192   
  20.773 Generated mipmaps (4) for atlas [9] of size 8192x2848   
  20.805 Generated mipmaps (3) for atlas [10] of size 8192x4224   
  20.851 Generated mipmaps (3) for atlas [11] of size 8192x8128   
  20.883 Generated mipmaps (3) for atlas [12] of size 8192x4448   
  20.894 Generated mipmaps (3) for atlas [13] of size 4096x3216   
  20.906 Generated mipmaps (3) for atlas [14] of size 4096x1856   
  20.947 Generated mipmaps (3) for atlas [15] of size 4096x3088   
  20.970 Generated mipmaps (5) for atlas [16] of size 8192x2240   
  20.982 Generated mipmaps (3) for atlas [19] of size 4096x1312   
  20.986 Custom mipmaps uploaded.
  21.262 Factorio initialised
  21.265 Steam Storage Quota: 4766/4768
  56.428 Loading level.dat: 3171355 bytes.
  56.428 Info Scenario.cpp:199: Map version 1.0.0-0
  56.432 Info PrototypeMigrationList.cpp:194: Activating migration base/1.1.0.json
  56.511 Warning ScenarioHistory.cpp:108: Scenario history is inconsistent: 0.21.21 (build 48975) >= 0.18.1 (build 48975).
  56.517 Checksum for script C:/Users/cucum/AppData/Roaming/Factorio/temp/currently-playing/control.lua: 157789084
  56.617 Checksum for script C:/Users/cucum/AppData/Roaming/Factorio/temp/currently-playing/control.lua: 157789084
 134.711 Info AppManager.cpp:306: Saving to _autosave1 (blocking).
 134.950 Info AppManagerStates.cpp:1902: Saving finished
 456.977 Info AppManager.cpp:306: Saving to _autosave2 (blocking).
 457.230 Info AppManagerStates.cpp:1902: Saving finished
 758.977 Info AppManager.cpp:306: Saving to _autosave3 (blocking).
 759.269 Info AppManagerStates.cpp:1902: Saving finished
1062.860 Info AppManager.cpp:306: Saving to _autosave1 (blocking).
1063.104 Info AppManagerStates.cpp:1902: Saving finished
1364.760 Info AppManager.cpp:306: Saving to _autosave2 (blocking).
1365.025 Info AppManagerStates.cpp:1902: Saving finished
1667.243 Info AppManager.cpp:306: Saving to _autosave3 (blocking).
1667.472 Info AppManagerStates.cpp:1902: Saving finished
1967.460 Info AppManager.cpp:306: Saving to _autosave1 (blocking).
1967.718 Info AppManagerStates.cpp:1902: Saving finished
2400.176 Info AppManager.cpp:306: Saving to _autosave2 (blocking).
2400.435 Info AppManagerStates.cpp:1902: Saving finished
2528.120 Quitting: user-quit.
2528.255 DSound: Stopping voice
2528.255 DSound: Joining thread
2528.261 DSound: Exit _dsound_update; tid=11404
2528.261 DSound: Waiting for voice to stop ... signaled
2528.262 DSound: Joined thread
2528.262 DSound: Destroying thread
2528.262 DSound: Thread destroyed
2528.262 DSound: Releasing buffer
2528.262 DSound: Voice stopped
2528.262 DSound: Deallocating voice
2528.262 DSound: Deallocated voice
2528.530 Steam API shutdown.
2528.597 Goodbye
